Copyright 1986-2018 Xilinx, Inc. All Rights Reserved.
-------------------------------------------------------------------------------------------------------------------------------------------
| Tool Version     : Vivado v.2018.2 (win64) Build 2258646 Thu Jun 14 20:03:12 MDT 2018
| Date             : Fri Nov 13 01:42:38 2020
| Host             : DESKTOP-N9UHTE5 running 64-bit major release  (build 9200)
| Command          : report_power -file top_128_power_routed.rpt -pb top_128_power_summary_routed.pb -rpx top_128_power_routed.rpx
| Design           : top_128
| Device           : xc7s25ftgb196-1
| Design State     : routed
| Grade            : commercial
| Process          : typical
| Characterization : Production
-------------------------------------------------------------------------------------------------------------------------------------------

Power Report

Table of Contents
-----------------
1. Summary
1.1 On-Chip Components
1.2 Power Supply Summary
1.3 Confidence Level
2. Settings
2.1 Environment
2.2 Clock Constraints
3. Detailed Reports
3.1 By Hierarchy

1. Summary
----------

+--------------------------+--------------+
| Total On-Chip Power (W)  | 0.868        |
| Design Power Budget (W)  | Unspecified* |
| Power Budget Margin (W)  | NA           |
| Dynamic (W)              | 0.803        |
| Device Static (W)        | 0.065        |
| Effective TJA (C/W)      | 3.3          |
| Max Ambient (C)          | 82.1         |
| Junction Temperature (C) | 27.9         |
| Confidence Level         | Low          |
| Setting File             | ---          |
| Simulation Activity File | ---          |
| Design Nets Matched      | NA           |
+--------------------------+--------------+
* Specify Design Power Budget using, set_operating_conditions -design_power_budget <value in Watts>


1.1 On-Chip Components
----------------------

+-------------------------+-----------+----------+-----------+-----------------+
| On-Chip                 | Power (W) | Used     | Available | Utilization (%) |
+-------------------------+-----------+----------+-----------+-----------------+
| Clocks                  |     0.014 |       13 |       --- |             --- |
| Slice Logic             |     0.150 |    18317 |       --- |             --- |
|   LUT as Logic          |     0.128 |     8546 |     14600 |           58.53 |
|   CARRY4                |     0.015 |     1733 |      3650 |           47.48 |
|   Register              |     0.008 |     5479 |     29200 |           18.76 |
|   F7/F8 Muxes           |    <0.001 |       62 |     14600 |            0.42 |
|   LUT as Shift Register |    <0.001 |       24 |      5000 |            0.48 |
|   BUFG                  |    <0.001 |        2 |        32 |            6.25 |
|   Others                |     0.000 |      386 |       --- |             --- |
| Signals                 |     0.134 |    13230 |       --- |             --- |
| Block RAM               |     0.039 |       34 |        45 |           75.56 |
| MMCM                    |     0.330 |        3 |         3 |          100.00 |
| DSPs                    |    <0.001 |        1 |        80 |            1.25 |
| I/O                     |     0.136 |       29 |       100 |           29.00 |
| Static Power            |     0.065 |          |           |                 |
| Total                   |     0.868 |          |           |                 |
+-------------------------+-----------+----------+-----------+-----------------+


1.2 Power Supply Summary
------------------------

+-----------+-------------+-----------+-------------+------------+
| Source    | Voltage (V) | Total (A) | Dynamic (A) | Static (A) |
+-----------+-------------+-----------+-------------+------------+
| Vccint    |       1.000 |     0.344 |       0.337 |      0.007 |
| Vccaux    |       1.800 |     0.192 |       0.183 |      0.009 |
| Vcco33    |       3.300 |     0.042 |       0.041 |      0.001 |
| Vcco25    |       2.500 |     0.000 |       0.000 |      0.000 |
| Vcco18    |       1.800 |     0.000 |       0.000 |      0.000 |
| Vcco15    |       1.500 |     0.000 |       0.000 |      0.000 |
| Vcco135   |       1.350 |     0.000 |       0.000 |      0.000 |
| Vcco12    |       1.200 |     0.000 |       0.000 |      0.000 |
| Vccaux_io |       1.800 |     0.000 |       0.000 |      0.000 |
| Vccbram   |       1.000 |     0.005 |       0.003 |      0.001 |
| Vccadc    |       1.800 |     0.020 |       0.000 |      0.020 |
+-----------+-------------+-----------+-------------+------------+


1.3 Confidence Level
--------------------

+-----------------------------+------------+--------------------------------------------------------+--------------------------------------------------------------------------------------------------------------------+
| User Input Data             | Confidence | Details                                                | Action                                                                                                             |
+-----------------------------+------------+--------------------------------------------------------+--------------------------------------------------------------------------------------------------------------------+
| Design implementation state | High       | Design is routed                                       |                                                                                                                    |
| Clock nodes activity        | Low        | User specified less than 75% of clocks                 | Provide missing clock activity with a constraint file, simulation results or by editing the "By Clock Domain" view |
| I/O nodes activity          | Low        | More than 75% of inputs are missing user specification | Provide missing input activity with simulation results or by editing the "By Resource Type -> I/Os" view           |
| Internal nodes activity     | Medium     | User specified less than 25% of internal nodes         | Provide missing internal nodes activity with simulation results or by editing the "By Resource Type" views         |
| Device models               | High       | Device models are Production                           |                                                                                                                    |
|                             |            |                                                        |                                                                                                                    |
| Overall confidence level    | Low        |                                                        |                                                                                                                    |
+-----------------------------+------------+--------------------------------------------------------+--------------------------------------------------------------------------------------------------------------------+


2. Settings
-----------

2.1 Environment
---------------

+-----------------------+--------------------------+
| Ambient Temp (C)      | 25.0                     |
| ThetaJA (C/W)         | 3.3                      |
| Airflow (LFM)         | 250                      |
| Heat Sink             | medium (Medium Profile)  |
| ThetaSA (C/W)         | 15.4                     |
| Board Selection       | medium (10"x10")         |
| # of Board Layers     | 12to15 (12 to 15 Layers) |
| Board Temperature (C) | 25.0                     |
+-----------------------+--------------------------+


2.2 Clock Constraints
---------------------

+--------------------+---------------------------------------------------------------+-----------------+
| Clock              | Domain                                                        | Constraint (ns) |
+--------------------+---------------------------------------------------------------+-----------------+
| CLKFBIN            | HDMI/Mini_HDMI_Driver/U0/ClockGenInternal.ClockGenX/CLKFBIN   |            13.2 |
| PixelClkIO         | HDMI/Mini_HDMI_Driver/U0/ClockGenInternal.ClockGenX/PixelClk  |            13.2 |
| SerialClkIO        | HDMI/Mini_HDMI_Driver/U0/ClockGenInternal.ClockGenX/SerialClk |             2.6 |
| clk_out1_clk_wiz_0 | HDMI/clk_10/inst/clk_out1_clk_wiz_0                           |            13.2 |
| clk_out1_clk_wiz_1 | dacout/instance_name/inst/clk_out1_clk_wiz_1                  |            20.0 |
| clkfbout_clk_wiz_0 | HDMI/clk_10/inst/clkfbout_clk_wiz_0                           |            50.0 |
| clkfbout_clk_wiz_1 | dacout/instance_name/inst/clkfbout_clk_wiz_1                  |            10.0 |
| sys_clk_pin        | clk_100MHz                                                    |            10.0 |
| sys_clk_pin        | clk_100MHz_IBUF_BUFG                                          |            10.0 |
+--------------------+---------------------------------------------------------------+-----------------+


3. Detailed Reports
-------------------

3.1 By Hierarchy
----------------

+--------------------------------------------------+-----------+
| Name                                             | Power (W) |
+--------------------------------------------------+-----------+
| top_128                                          |     0.803 |
|   HDMI                                           |     0.414 |
|     Driver_ADC_0                                 |     0.008 |
|       Clock_ADC                                  |    <0.001 |
|         inst                                     |    <0.001 |
|       Freq_Cal_0                                 |     0.003 |
|       Ram_Wave                                   |     0.003 |
|         U0                                       |     0.003 |
|           inst_blk_mem_gen                       |     0.003 |
|             gnbram.gnativebmg.native_blk_mem_gen |     0.003 |
|               valid.cstr                         |     0.003 |
|                 bindec_a.bindec_inst_a           |    <0.001 |
|                 bindec_b.bindec_inst_b           |    <0.001 |
|                 has_mux_b.B                      |    <0.001 |
|                 ramloop[0].ram.r                 |     0.002 |
|                   prim_noinit.ram                |     0.002 |
|                 ramloop[1].ram.r                 |    <0.001 |
|                   prim_noinit.ram                |    <0.001 |
|                 ramloop[2].ram.r                 |    <0.001 |
|                   prim_noinit.ram                |    <0.001 |
|                 ramloop[3].ram.r                 |    <0.001 |
|                   prim_noinit.ram                |    <0.001 |
|                 ramloop[4].ram.r                 |    <0.001 |
|                   prim_noinit.ram                |    <0.001 |
|     HDMI0                                        |    <0.001 |
|     Mini_HDMI_Driver                             |     0.233 |
|       U0                                         |     0.233 |
|         ClockGenInternal.ClockGenX               |     0.094 |
|           LockLostReset                          |    <0.001 |
|             SyncAsyncx                           |    <0.001 |
|           PLL_LockSyncAsync                      |    <0.001 |
|         ClockSerializer                          |     0.033 |
|         DataEncoders[0].DataEncoder              |    <0.001 |
|         DataEncoders[0].DataSerializer           |     0.034 |
|         DataEncoders[1].DataEncoder              |    <0.001 |
|         DataEncoders[1].DataSerializer           |     0.035 |
|         DataEncoders[2].DataEncoder              |    <0.001 |
|         DataEncoders[2].DataSerializer           |     0.035 |
|         LockLostReset                            |    <0.001 |
|           SyncAsyncx                             |    <0.001 |
|     clk_10                                       |     0.130 |
|       inst                                       |     0.130 |
|     freq_display                                 |     0.018 |
|       osd_display_0                              |    <0.001 |
|         timing_gen_xy_m0                         |    <0.001 |
|       osd_display_1                              |    <0.001 |
|         timing_gen_xy_m0                         |    <0.001 |
|       osd_display_2                              |    <0.001 |
|         timing_gen_xy_m0                         |    <0.001 |
|       osd_display_dot                            |    <0.001 |
|         timing_gen_xy_m0                         |    <0.001 |
|       rom_dot                                    |    <0.001 |
|         U0                                       |    <0.001 |
|           inst_blk_mem_gen                       |    <0.001 |
|             gnbram.gnativebmg.native_blk_mem_gen |    <0.001 |
|               valid.cstr                         |    <0.001 |
|                 ramloop[0].ram.r                 |    <0.001 |
|                   prim_init.ram                  |    <0.001 |
|       rom_t00                                    |    <0.001 |
|         U0                                       |    <0.001 |
|           inst_blk_mem_gen                       |    <0.001 |
|             gnbram.gnativebmg.native_blk_mem_gen |    <0.001 |
|               valid.cstr                         |    <0.001 |
|                 ramloop[0].ram.r                 |    <0.001 |
|                   prim_init.ram                  |    <0.001 |
|       rom_t01                                    |    <0.001 |
|         U0                                       |    <0.001 |
|           inst_blk_mem_gen                       |    <0.001 |
|             gnbram.gnativebmg.native_blk_mem_gen |    <0.001 |
|               valid.cstr                         |    <0.001 |
|                 ramloop[0].ram.r                 |    <0.001 |
|                   prim_init.ram                  |    <0.001 |
|       rom_t02                                    |    <0.001 |
|         U0                                       |    <0.001 |
|           inst_blk_mem_gen                       |    <0.001 |
|             gnbram.gnativebmg.native_blk_mem_gen |    <0.001 |
|               valid.cstr                         |    <0.001 |
|                 ramloop[0].ram.r                 |    <0.001 |
|                   prim_init.ram                  |    <0.001 |
|       rom_t03                                    |    <0.001 |
|         U0                                       |    <0.001 |
|           inst_blk_mem_gen                       |    <0.001 |
|             gnbram.gnativebmg.native_blk_mem_gen |    <0.001 |
|               valid.cstr                         |    <0.001 |
|                 ramloop[0].ram.r                 |    <0.001 |
|                   prim_init.ram                  |    <0.001 |
|       rom_t04                                    |    <0.001 |
|         U0                                       |    <0.001 |
|           inst_blk_mem_gen                       |    <0.001 |
|             gnbram.gnativebmg.native_blk_mem_gen |    <0.001 |
|               valid.cstr                         |    <0.001 |
|                 ramloop[0].ram.r                 |    <0.001 |
|                   prim_init.ram                  |    <0.001 |
|       rom_t05                                    |    <0.001 |
|         U0                                       |    <0.001 |
|           inst_blk_mem_gen                       |    <0.001 |
|             gnbram.gnativebmg.native_blk_mem_gen |    <0.001 |
|               valid.cstr                         |    <0.001 |
|                 ramloop[0].ram.r                 |    <0.001 |
|                   prim_init.ram                  |    <0.001 |
|       rom_t06                                    |    <0.001 |
|         U0                                       |    <0.001 |
|           inst_blk_mem_gen                       |    <0.001 |
|             gnbram.gnativebmg.native_blk_mem_gen |    <0.001 |
|               valid.cstr                         |    <0.001 |
|                 ramloop[0].ram.r                 |    <0.001 |
|                   prim_init.ram                  |    <0.001 |
|       rom_t07                                    |    <0.001 |
|         U0                                       |    <0.001 |
|           inst_blk_mem_gen                       |    <0.001 |
|             gnbram.gnativebmg.native_blk_mem_gen |    <0.001 |
|               valid.cstr                         |    <0.001 |
|                 ramloop[0].ram.r                 |    <0.001 |
|                   prim_init.ram                  |    <0.001 |
|       rom_t08                                    |    <0.001 |
|         U0                                       |    <0.001 |
|           inst_blk_mem_gen                       |    <0.001 |
|             gnbram.gnativebmg.native_blk_mem_gen |    <0.001 |
|               valid.cstr                         |    <0.001 |
|                 ramloop[0].ram.r                 |    <0.001 |
|                   prim_init.ram                  |    <0.001 |
|       rom_t09                                    |    <0.001 |
|         U0                                       |    <0.001 |
|           inst_blk_mem_gen                       |    <0.001 |
|             gnbram.gnativebmg.native_blk_mem_gen |    <0.001 |
|               valid.cstr                         |    <0.001 |
|                 ramloop[0].ram.r                 |    <0.001 |
|                   prim_init.ram                  |    <0.001 |
|       rom_t10                                    |    <0.001 |
|         U0                                       |    <0.001 |
|           inst_blk_mem_gen                       |    <0.001 |
|             gnbram.gnativebmg.native_blk_mem_gen |    <0.001 |
|               valid.cstr                         |    <0.001 |
|                 ramloop[0].ram.r                 |    <0.001 |
|                   prim_init.ram                  |    <0.001 |
|       rom_t11                                    |    <0.001 |
|         U0                                       |    <0.001 |
|           inst_blk_mem_gen                       |    <0.001 |
|             gnbram.gnativebmg.native_blk_mem_gen |    <0.001 |
|               valid.cstr                         |    <0.001 |
|                 ramloop[0].ram.r                 |    <0.001 |
|                   prim_init.ram                  |    <0.001 |
|       rom_t12                                    |    <0.001 |
|         U0                                       |    <0.001 |
|           inst_blk_mem_gen                       |    <0.001 |
|             gnbram.gnativebmg.native_blk_mem_gen |    <0.001 |
|               valid.cstr                         |    <0.001 |
|                 ramloop[0].ram.r                 |    <0.001 |
|                   prim_init.ram                  |    <0.001 |
|       rom_t13                                    |    <0.001 |
|         U0                                       |    <0.001 |
|           inst_blk_mem_gen                       |    <0.001 |
|             gnbram.gnativebmg.native_blk_mem_gen |    <0.001 |
|               valid.cstr                         |    <0.001 |
|                 ramloop[0].ram.r                 |    <0.001 |
|                   prim_init.ram                  |    <0.001 |
|       rom_t14                                    |    <0.001 |
|         U0                                       |    <0.001 |
|           inst_blk_mem_gen                       |    <0.001 |
|             gnbram.gnativebmg.native_blk_mem_gen |    <0.001 |
|               valid.cstr                         |    <0.001 |
|                 ramloop[0].ram.r                 |    <0.001 |
|                   prim_init.ram                  |    <0.001 |
|       rom_t15                                    |    <0.001 |
|         U0                                       |    <0.001 |
|           inst_blk_mem_gen                       |    <0.001 |
|             gnbram.gnativebmg.native_blk_mem_gen |    <0.001 |
|               valid.cstr                         |    <0.001 |
|                 ramloop[0].ram.r                 |    <0.001 |
|                   prim_init.ram                  |    <0.001 |
|       rom_t16                                    |    <0.001 |
|         U0                                       |    <0.001 |
|           inst_blk_mem_gen                       |    <0.001 |
|             gnbram.gnativebmg.native_blk_mem_gen |    <0.001 |
|               valid.cstr                         |    <0.001 |
|                 ramloop[0].ram.r                 |    <0.001 |
|                   prim_init.ram                  |    <0.001 |
|       rom_t17                                    |    <0.001 |
|         U0                                       |    <0.001 |
|           inst_blk_mem_gen                       |    <0.001 |
|             gnbram.gnativebmg.native_blk_mem_gen |    <0.001 |
|               valid.cstr                         |    <0.001 |
|                 ramloop[0].ram.r                 |    <0.001 |
|                   prim_init.ram                  |    <0.001 |
|       rom_t18                                    |    <0.001 |
|         U0                                       |    <0.001 |
|           inst_blk_mem_gen                       |    <0.001 |
|             gnbram.gnativebmg.native_blk_mem_gen |    <0.001 |
|               valid.cstr                         |    <0.001 |
|                 ramloop[0].ram.r                 |    <0.001 |
|                   prim_init.ram                  |    <0.001 |
|       rom_t19                                    |    <0.001 |
|         U0                                       |    <0.001 |
|           inst_blk_mem_gen                       |    <0.001 |
|             gnbram.gnativebmg.native_blk_mem_gen |    <0.001 |
|               valid.cstr                         |    <0.001 |
|                 ramloop[0].ram.r                 |    <0.001 |
|                   prim_init.ram                  |    <0.001 |
|       rom_t20                                    |    <0.001 |
|         U0                                       |    <0.001 |
|           inst_blk_mem_gen                       |    <0.001 |
|             gnbram.gnativebmg.native_blk_mem_gen |    <0.001 |
|               valid.cstr                         |    <0.001 |
|                 ramloop[0].ram.r                 |    <0.001 |
|                   prim_init.ram                  |    <0.001 |
|       rom_t21                                    |    <0.001 |
|         U0                                       |    <0.001 |
|           inst_blk_mem_gen                       |    <0.001 |
|             gnbram.gnativebmg.native_blk_mem_gen |    <0.001 |
|               valid.cstr                         |    <0.001 |
|                 ramloop[0].ram.r                 |    <0.001 |
|                   prim_init.ram                  |    <0.001 |
|       rom_t22                                    |    <0.001 |
|         U0                                       |    <0.001 |
|           inst_blk_mem_gen                       |    <0.001 |
|             gnbram.gnativebmg.native_blk_mem_gen |    <0.001 |
|               valid.cstr                         |    <0.001 |
|                 ramloop[0].ram.r                 |    <0.001 |
|                   prim_init.ram                  |    <0.001 |
|       rom_t23                                    |    <0.001 |
|         U0                                       |    <0.001 |
|           inst_blk_mem_gen                       |    <0.001 |
|             gnbram.gnativebmg.native_blk_mem_gen |    <0.001 |
|               valid.cstr                         |    <0.001 |
|                 ramloop[0].ram.r                 |    <0.001 |
|                   prim_init.ram                  |    <0.001 |
|     max_display                                  |     0.018 |
|       osd_display_0                              |    <0.001 |
|         timing_gen_xy_m0                         |    <0.001 |
|       osd_display_1                              |    <0.001 |
|         timing_gen_xy_m0                         |    <0.001 |
|       osd_display_2                              |    <0.001 |
|         timing_gen_xy_m0                         |    <0.001 |
|       osd_display_dot                            |    <0.001 |
|         timing_gen_xy_m0                         |    <0.001 |
|       rom_dot                                    |    <0.001 |
|         U0                                       |    <0.001 |
|           inst_blk_mem_gen                       |    <0.001 |
|             gnbram.gnativebmg.native_blk_mem_gen |    <0.001 |
|               valid.cstr                         |    <0.001 |
|                 ramloop[0].ram.r                 |    <0.001 |
|                   prim_init.ram                  |    <0.001 |
|       rom_t00                                    |    <0.001 |
|         U0                                       |    <0.001 |
|           inst_blk_mem_gen                       |    <0.001 |
|             gnbram.gnativebmg.native_blk_mem_gen |    <0.001 |
|               valid.cstr                         |    <0.001 |
|                 ramloop[0].ram.r                 |    <0.001 |
|                   prim_init.ram                  |    <0.001 |
|       rom_t01                                    |    <0.001 |
|         U0                                       |    <0.001 |
|           inst_blk_mem_gen                       |    <0.001 |
|             gnbram.gnativebmg.native_blk_mem_gen |    <0.001 |
|               valid.cstr                         |    <0.001 |
|                 ramloop[0].ram.r                 |    <0.001 |
|                   prim_init.ram                  |    <0.001 |
|       rom_t02                                    |    <0.001 |
|         U0                                       |    <0.001 |
|           inst_blk_mem_gen                       |    <0.001 |
|             gnbram.gnativebmg.native_blk_mem_gen |    <0.001 |
|               valid.cstr                         |    <0.001 |
|                 ramloop[0].ram.r                 |    <0.001 |
|                   prim_init.ram                  |    <0.001 |
|       rom_t03                                    |    <0.001 |
|         U0                                       |    <0.001 |
|           inst_blk_mem_gen                       |    <0.001 |
|             gnbram.gnativebmg.native_blk_mem_gen |    <0.001 |
|               valid.cstr                         |    <0.001 |
|                 ramloop[0].ram.r                 |    <0.001 |
|                   prim_init.ram                  |    <0.001 |
|       rom_t04                                    |    <0.001 |
|         U0                                       |    <0.001 |
|           inst_blk_mem_gen                       |    <0.001 |
|             gnbram.gnativebmg.native_blk_mem_gen |    <0.001 |
|               valid.cstr                         |    <0.001 |
|                 ramloop[0].ram.r                 |    <0.001 |
|                   prim_init.ram                  |    <0.001 |
|       rom_t05                                    |    <0.001 |
|         U0                                       |    <0.001 |
|           inst_blk_mem_gen                       |    <0.001 |
|             gnbram.gnativebmg.native_blk_mem_gen |    <0.001 |
|               valid.cstr                         |    <0.001 |
|                 ramloop[0].ram.r                 |    <0.001 |
|                   prim_init.ram                  |    <0.001 |
|       rom_t06                                    |    <0.001 |
|         U0                                       |    <0.001 |
|           inst_blk_mem_gen                       |    <0.001 |
|             gnbram.gnativebmg.native_blk_mem_gen |    <0.001 |
|               valid.cstr                         |    <0.001 |
|                 ramloop[0].ram.r                 |    <0.001 |
|                   prim_init.ram                  |    <0.001 |
|       rom_t07                                    |    <0.001 |
|         U0                                       |    <0.001 |
|           inst_blk_mem_gen                       |    <0.001 |
|             gnbram.gnativebmg.native_blk_mem_gen |    <0.001 |
|               valid.cstr                         |    <0.001 |
|                 ramloop[0].ram.r                 |    <0.001 |
|                   prim_init.ram                  |    <0.001 |
|       rom_t08                                    |    <0.001 |
|         U0                                       |    <0.001 |
|           inst_blk_mem_gen                       |    <0.001 |
|             gnbram.gnativebmg.native_blk_mem_gen |    <0.001 |
|               valid.cstr                         |    <0.001 |
|                 ramloop[0].ram.r                 |    <0.001 |
|                   prim_init.ram                  |    <0.001 |
|       rom_t09                                    |    <0.001 |
|         U0                                       |    <0.001 |
|           inst_blk_mem_gen                       |    <0.001 |
|             gnbram.gnativebmg.native_blk_mem_gen |    <0.001 |
|               valid.cstr                         |    <0.001 |
|                 ramloop[0].ram.r                 |    <0.001 |
|                   prim_init.ram                  |    <0.001 |
|       rom_t10                                    |    <0.001 |
|         U0                                       |    <0.001 |
|           inst_blk_mem_gen                       |    <0.001 |
|             gnbram.gnativebmg.native_blk_mem_gen |    <0.001 |
|               valid.cstr                         |    <0.001 |
|                 ramloop[0].ram.r                 |    <0.001 |
|                   prim_init.ram                  |    <0.001 |
|       rom_t11                                    |    <0.001 |
|         U0                                       |    <0.001 |
|           inst_blk_mem_gen                       |    <0.001 |
|             gnbram.gnativebmg.native_blk_mem_gen |    <0.001 |
|               valid.cstr                         |    <0.001 |
|                 ramloop[0].ram.r                 |    <0.001 |
|                   prim_init.ram                  |    <0.001 |
|       rom_t12                                    |    <0.001 |
|         U0                                       |    <0.001 |
|           inst_blk_mem_gen                       |    <0.001 |
|             gnbram.gnativebmg.native_blk_mem_gen |    <0.001 |
|               valid.cstr                         |    <0.001 |
|                 ramloop[0].ram.r                 |    <0.001 |
|                   prim_init.ram                  |    <0.001 |
|       rom_t13                                    |    <0.001 |
|         U0                                       |    <0.001 |
|           inst_blk_mem_gen                       |    <0.001 |
|             gnbram.gnativebmg.native_blk_mem_gen |    <0.001 |
|               valid.cstr                         |    <0.001 |
|                 ramloop[0].ram.r                 |    <0.001 |
|                   prim_init.ram                  |    <0.001 |
|       rom_t14                                    |    <0.001 |
|         U0                                       |    <0.001 |
|           inst_blk_mem_gen                       |    <0.001 |
|             gnbram.gnativebmg.native_blk_mem_gen |    <0.001 |
|               valid.cstr                         |    <0.001 |
|                 ramloop[0].ram.r                 |    <0.001 |
|                   prim_init.ram                  |    <0.001 |
|       rom_t15                                    |    <0.001 |
|         U0                                       |    <0.001 |
|           inst_blk_mem_gen                       |    <0.001 |
|             gnbram.gnativebmg.native_blk_mem_gen |    <0.001 |
|               valid.cstr                         |    <0.001 |
|                 ramloop[0].ram.r                 |    <0.001 |
|                   prim_init.ram                  |    <0.001 |
|       rom_t16                                    |    <0.001 |
|         U0                                       |    <0.001 |
|           inst_blk_mem_gen                       |    <0.001 |
|             gnbram.gnativebmg.native_blk_mem_gen |    <0.001 |
|               valid.cstr                         |    <0.001 |
|                 ramloop[0].ram.r                 |    <0.001 |
|                   prim_init.ram                  |    <0.001 |
|       rom_t17                                    |    <0.001 |
|         U0                                       |    <0.001 |
|           inst_blk_mem_gen                       |    <0.001 |
|             gnbram.gnativebmg.native_blk_mem_gen |    <0.001 |
|               valid.cstr                         |    <0.001 |
|                 ramloop[0].ram.r                 |    <0.001 |
|                   prim_init.ram                  |    <0.001 |
|       rom_t18                                    |    <0.001 |
|         U0                                       |    <0.001 |
|           inst_blk_mem_gen                       |    <0.001 |
|             gnbram.gnativebmg.native_blk_mem_gen |    <0.001 |
|               valid.cstr                         |    <0.001 |
|                 ramloop[0].ram.r                 |    <0.001 |
|                   prim_init.ram                  |    <0.001 |
|       rom_t19                                    |    <0.001 |
|         U0                                       |    <0.001 |
|           inst_blk_mem_gen                       |    <0.001 |
|             gnbram.gnativebmg.native_blk_mem_gen |    <0.001 |
|               valid.cstr                         |    <0.001 |
|                 ramloop[0].ram.r                 |    <0.001 |
|                   prim_init.ram                  |    <0.001 |
|       rom_t20                                    |    <0.001 |
|         U0                                       |    <0.001 |
|           inst_blk_mem_gen                       |    <0.001 |
|             gnbram.gnativebmg.native_blk_mem_gen |    <0.001 |
|               valid.cstr                         |    <0.001 |
|                 ramloop[0].ram.r                 |    <0.001 |
|                   prim_init.ram                  |    <0.001 |
|       rom_t21                                    |    <0.001 |
|         U0                                       |    <0.001 |
|           inst_blk_mem_gen                       |    <0.001 |
|             gnbram.gnativebmg.native_blk_mem_gen |    <0.001 |
|               valid.cstr                         |    <0.001 |
|                 ramloop[0].ram.r                 |    <0.001 |
|                   prim_init.ram                  |    <0.001 |
|       rom_t22                                    |    <0.001 |
|         U0                                       |    <0.001 |
|           inst_blk_mem_gen                       |    <0.001 |
|             gnbram.gnativebmg.native_blk_mem_gen |    <0.001 |
|               valid.cstr                         |    <0.001 |
|                 ramloop[0].ram.r                 |    <0.001 |
|                   prim_init.ram                  |    <0.001 |
|       rom_t23                                    |    <0.001 |
|         U0                                       |    <0.001 |
|           inst_blk_mem_gen                       |    <0.001 |
|             gnbram.gnativebmg.native_blk_mem_gen |    <0.001 |
|               valid.cstr                         |    <0.001 |
|                 ramloop[0].ram.r                 |    <0.001 |
|                   prim_init.ram                  |    <0.001 |
|     osd_display_freq                             |    <0.001 |
|       timing_gen_xy_m0                           |    <0.001 |
|     osd_display_max                              |    <0.001 |
|       timing_gen_xy_m0                           |    <0.001 |
|     osd_display_title                            |    <0.001 |
|       timing_gen_xy_m0                           |    <0.001 |
|     osd_rom_m0                                   |    <0.001 |
|       U0                                         |    <0.001 |
|         inst_blk_mem_gen                         |    <0.001 |
|           gnbram.gnativebmg.native_blk_mem_gen   |    <0.001 |
|             valid.cstr                           |    <0.001 |
|               bindec_a.bindec_inst_a             |     0.000 |
|               has_mux_a.A                        |    <0.001 |
|               ramloop[0].ram.r                   |    <0.001 |
|                 prim_init.ram                    |    <0.001 |
|               ramloop[1].ram.r                   |    <0.001 |
|                 prim_init.ram                    |    <0.001 |
|     osd_rom_m1                                   |     0.001 |
|       U0                                         |     0.001 |
|         inst_blk_mem_gen                         |     0.001 |
|           gnbram.gnativebmg.native_blk_mem_gen   |     0.001 |
|             valid.cstr                           |     0.001 |
|               ramloop[0].ram.r                   |     0.001 |
|                 prim_init.ram                    |     0.001 |
|     osd_rom_m2                                   |     0.001 |
|       U0                                         |     0.001 |
|         inst_blk_mem_gen                         |     0.001 |
|           gnbram.gnativebmg.native_blk_mem_gen   |     0.001 |
|             valid.cstr                           |     0.001 |
|               ramloop[0].ram.r                   |     0.001 |
|                 prim_init.ram                    |     0.001 |
|     video_adc                                    |    <0.001 |
|   dac_instance                                   |     0.001 |
|     inst                                         |    <0.001 |
|       inst                                       |    <0.001 |
|   dacout                                         |     0.107 |
|     instance_name                                |     0.106 |
|       inst                                       |     0.106 |
|     u_MCP4725_init                               |    <0.001 |
|     u_i2c_drive                                  |    <0.001 |
|   fir_instance                                   |     0.279 |
|     your_instance_name1                          |    <0.001 |
|       inst                                       |    <0.001 |
|     your_instance_name2                          |    <0.001 |
|       inst                                       |    <0.001 |
|   uart_blue                                      |    <0.001 |
|     clk_div_baud                                 |    <0.001 |
|     uart_rx_blue                                 |    <0.001 |
|   uart_top                                       |    <0.001 |
|     clk_div_baud                                 |    <0.001 |
|     uart_rx                                      |    <0.001 |
+--------------------------------------------------+-----------+


